[2025-03-02T10:16:49.566+0000] {taskinstance.py:1159} INFO - Dependencies all met for dep_context=non-requeueable deps ti=<TaskInstance: new_messages.messages_load manual__2025-03-02T10:16:42.550264+00:00 [queued]>
[2025-03-02T10:16:49.586+0000] {taskinstance.py:1159} INFO - Dependencies all met for dep_context=requeueable deps ti=<TaskInstance: new_messages.messages_load manual__2025-03-02T10:16:42.550264+00:00 [queued]>
[2025-03-02T10:16:49.587+0000] {taskinstance.py:1361} INFO - Starting attempt 1 of 1
[2025-03-02T10:16:49.610+0000] {taskinstance.py:1382} INFO - Executing <Task(DockerOperator): messages_load> on 2025-03-02 10:16:42.550264+00:00
[2025-03-02T10:16:49.618+0000] {standard_task_runner.py:57} INFO - Started process 1444 to run task
[2025-03-02T10:16:49.624+0000] {standard_task_runner.py:84} INFO - Running: ['***', 'tasks', 'run', 'new_messages', 'messages_load', 'manual__2025-03-02T10:16:42.550264+00:00', '--job-id', '40', '--raw', '--subdir', 'DAGS_FOLDER/mess_cluster.py', '--cfg-path', '/tmp/tmp0qamn4el']
[2025-03-02T10:16:49.638+0000] {standard_task_runner.py:85} INFO - Job 40: Subtask messages_load
[2025-03-02T10:16:49.737+0000] {task_command.py:416} INFO - Running <TaskInstance: new_messages.messages_load manual__2025-03-02T10:16:42.550264+00:00 [running]> on host 0cbb564b3fd1
[2025-03-02T10:16:49.895+0000] {taskinstance.py:1662} INFO - Exporting env vars: AIRFLOW_CTX_DAG_OWNER='***' AIRFLOW_CTX_DAG_ID='new_messages' AIRFLOW_CTX_TASK_ID='messages_load' AIRFLOW_CTX_EXECUTION_DATE='2025-03-02T10:16:42.550264+00:00' AIRFLOW_CTX_TRY_NUMBER='1' AIRFLOW_CTX_DAG_RUN_ID='manual__2025-03-02T10:16:42.550264+00:00'
[2025-03-02T10:16:50.223+0000] {docker.py:367} INFO - Starting docker container from image messages-loader:latest
[2025-03-02T10:19:10.428+0000] {docker.py:438} INFO - ERROR:root:Timeout error: HTTPConnectionPool(host='localhost', port=49089): Read timed out. (read timeout=120)
[2025-03-02T10:21:10.514+0000] {docker.py:438} INFO - INFO:root:News fetched UNsuccessfully.
[2025-03-02T10:23:10.566+0000] {docker.py:438} INFO - INFO:root:News fetched UNsuccessfully.
[2025-03-02T10:23:34.819+0000] {docker.py:438} INFO - INFO:root:News page fetched successfully.
[2025-03-02T10:23:43.566+0000] {docker.py:438} INFO - INFO:root:News fetched UNsuccessfully.
[2025-03-02T10:23:50.551+0000] {docker.py:438} INFO - INFO:root:News page fetched successfully.
[2025-03-02T10:23:57.814+0000] {docker.py:438} INFO - INFO:root:News page fetched successfully.
[2025-03-02T10:23:58.333+0000] {docker.py:438} INFO - [nltk_data] Downloading package stopwords to /root/nltk_data...
[2025-03-02T10:23:58.566+0000] {docker.py:438} INFO - [nltk_data]   Unzipping corpora/stopwords.zip.
[2025-03-02T10:23:58.634+0000] {docker.py:438} INFO - [nltk_data] Downloading package stopwords to /root/nltk_data...
[2025-03-02T10:23:58.636+0000] {docker.py:438} INFO - [nltk_data]   Package stopwords is already up-to-date!
[2025-03-02T10:23:58.935+0000] {docker.py:438} INFO - [nltk_data] Downloading package stopwords to /root/nltk_data...
[2025-03-02T10:23:58.936+0000] {docker.py:438} INFO - [nltk_data]   Package stopwords is already up-to-date!
[2025-03-02T10:23:59.253+0000] {docker.py:438} INFO - [nltk_data] Downloading package stopwords to /root/nltk_data...
[2025-03-02T10:23:59.255+0000] {docker.py:438} INFO - [nltk_data]   Package stopwords is already up-to-date!
[2025-03-02T10:23:59.355+0000] {docker.py:438} INFO - [nltk_data] Downloading package stopwords to /root/nltk_data...
[2025-03-02T10:23:59.363+0000] {docker.py:438} INFO - [nltk_data]   Package stopwords is already up-to-date!
[2025-03-02T10:23:59.462+0000] {docker.py:438} INFO - [nltk_data] Downloading package stopwords to /root/nltk_data...
[2025-03-02T10:23:59.462+0000] {docker.py:438} INFO - [nltk_data]   Package stopwords is already up-to-date!
[2025-03-02T10:23:59.618+0000] {docker.py:438} INFO - [nltk_data] Downloading package stopwords to /root/nltk_data...
[2025-03-02T10:23:59.619+0000] {docker.py:438} INFO - [nltk_data]   Package stopwords is already up-to-date!
[2025-03-02T10:23:59.752+0000] {docker.py:438} INFO - [nltk_data] Downloading package stopwords to /root/nltk_data...
[2025-03-02T10:23:59.753+0000] {docker.py:438} INFO - [nltk_data]   Package stopwords is already up-to-date!
[2025-03-02T10:23:59.828+0000] {docker.py:438} INFO - [nltk_data] Downloading package stopwords to /root/nltk_data...
[2025-03-02T10:23:59.829+0000] {docker.py:438} INFO - [nltk_data]   Package stopwords is already up-to-date!
[2025-03-02T10:23:59.928+0000] {docker.py:438} INFO - [nltk_data] Downloading package stopwords to /root/nltk_data...
[2025-03-02T10:23:59.929+0000] {docker.py:438} INFO - [nltk_data]   Package stopwords is already up-to-date!
[2025-03-02T10:24:00.116+0000] {docker.py:438} INFO - [nltk_data] Downloading package stopwords to /root/nltk_data...
[2025-03-02T10:24:00.118+0000] {docker.py:438} INFO - [nltk_data]   Package stopwords is already up-to-date!
[2025-03-02T10:24:00.700+0000] {docker.py:438} INFO - [nltk_data] Downloading package stopwords to /root/nltk_data...
[2025-03-02T10:24:00.710+0000] {docker.py:438} INFO - [nltk_data]   Package stopwords is already up-to-date!
[2025-03-02T10:24:00.800+0000] {docker.py:438} INFO - [nltk_data] Downloading package stopwords to /root/nltk_data...
[2025-03-02T10:24:00.801+0000] {docker.py:438} INFO - [nltk_data]   Package stopwords is already up-to-date!
[2025-03-02T10:24:02.267+0000] {docker.py:438} INFO - [nltk_data] Downloading package stopwords to /root/nltk_data...
[2025-03-02T10:24:02.268+0000] {docker.py:438} INFO - [nltk_data]   Package stopwords is already up-to-date!
[2025-03-02T10:24:02.490+0000] {docker.py:438} INFO - [nltk_data] Downloading package stopwords to /root/nltk_data...
[2025-03-02T10:24:02.495+0000] {docker.py:438} INFO - [nltk_data]   Package stopwords is already up-to-date!
[2025-03-02T10:24:02.634+0000] {docker.py:438} INFO - [nltk_data] Downloading package stopwords to /root/nltk_data...
[2025-03-02T10:24:02.637+0000] {docker.py:438} INFO - [nltk_data]   Package stopwords is already up-to-date!
[2025-03-02T10:24:03.007+0000] {docker.py:438} INFO - [nltk_data] Downloading package stopwords to /root/nltk_data...
[2025-03-02T10:24:03.008+0000] {docker.py:438} INFO - [nltk_data]   Package stopwords is already up-to-date!
[2025-03-02T10:24:03.389+0000] {docker.py:438} INFO - [nltk_data] Downloading package stopwords to /root/nltk_data...
[2025-03-02T10:24:03.390+0000] {docker.py:438} INFO - [nltk_data]   Package stopwords is already up-to-date!
[2025-03-02T10:24:03.762+0000] {docker.py:438} INFO - [nltk_data] Downloading package stopwords to /root/nltk_data...
[2025-03-02T10:24:03.776+0000] {docker.py:438} INFO - [nltk_data]   Package stopwords is already up-to-date!
[2025-03-02T10:24:05.035+0000] {docker.py:438} INFO - [nltk_data] Downloading package stopwords to /root/nltk_data...
[2025-03-02T10:24:05.058+0000] {docker.py:438} INFO - [nltk_data]   Package stopwords is already up-to-date!
[2025-03-02T10:24:05.439+0000] {docker.py:438} INFO - [nltk_data] Downloading package stopwords to /root/nltk_data...
[2025-03-02T10:24:05.440+0000] {docker.py:438} INFO - [nltk_data]   Package stopwords is already up-to-date!
[2025-03-02T10:24:05.538+0000] {docker.py:438} INFO - [nltk_data] Downloading package stopwords to /root/nltk_data...
[2025-03-02T10:24:05.540+0000] {docker.py:438} INFO - [nltk_data]   Package stopwords is already up-to-date!
[2025-03-02T10:24:05.975+0000] {docker.py:438} INFO - [nltk_data] Downloading package stopwords to /root/nltk_data...
[2025-03-02T10:24:05.979+0000] {docker.py:438} INFO - [nltk_data]   Package stopwords is already up-to-date!
[2025-03-02T10:24:06.301+0000] {docker.py:438} INFO - [nltk_data] Downloading package stopwords to /root/nltk_data...
[2025-03-02T10:24:06.303+0000] {docker.py:438} INFO - [nltk_data]   Package stopwords is already up-to-date!
[2025-03-02T10:24:06.396+0000] {docker.py:438} INFO - [nltk_data] Downloading package stopwords to /root/nltk_data...
[2025-03-02T10:24:06.398+0000] {docker.py:438} INFO - [nltk_data]   Package stopwords is already up-to-date!
[2025-03-02T10:24:06.428+0000] {docker.py:438} INFO - [nltk_data] Downloading package stopwords to /root/nltk_data...
[2025-03-02T10:24:06.429+0000] {docker.py:438} INFO - [nltk_data]   Package stopwords is already up-to-date!
[2025-03-02T10:24:06.491+0000] {docker.py:438} INFO - [nltk_data] Downloading package stopwords to /root/nltk_data...
[2025-03-02T10:24:06.491+0000] {docker.py:438} INFO - [nltk_data]   Package stopwords is already up-to-date!
[2025-03-02T10:24:06.578+0000] {docker.py:438} INFO - [nltk_data] Downloading package stopwords to /root/nltk_data...
[2025-03-02T10:24:06.578+0000] {docker.py:438} INFO - [nltk_data]   Package stopwords is already up-to-date!
[2025-03-02T10:24:06.709+0000] {docker.py:438} INFO - [nltk_data] Downloading package stopwords to /root/nltk_data...
[2025-03-02T10:24:06.709+0000] {docker.py:438} INFO - [nltk_data]   Package stopwords is already up-to-date!
[2025-03-02T10:24:06.798+0000] {docker.py:438} INFO - [nltk_data] Downloading package stopwords to /root/nltk_data...
[2025-03-02T10:24:06.798+0000] {docker.py:438} INFO - [nltk_data]   Package stopwords is already up-to-date!
[2025-03-02T10:24:06.856+0000] {docker.py:438} INFO - INFO:root:Data saved successfully.
[2025-03-02T10:24:13.128+0000] {taskinstance.py:1400} INFO - Marking task as SUCCESS. dag_id=new_messages, task_id=messages_load, execution_date=20250302T101642, start_date=20250302T101649, end_date=20250302T102413
[2025-03-02T10:24:13.334+0000] {local_task_job_runner.py:228} INFO - Task exited with return code 0
[2025-03-02T10:24:13.887+0000] {taskinstance.py:2778} INFO - 1 downstream tasks scheduled from follow-on schedule check
