[2025-03-01T22:25:32.394+0000] {taskinstance.py:1159} INFO - Dependencies all met for dep_context=non-requeueable deps ti=<TaskInstance: new_messages.messages_load manual__2025-03-01T22:25:27.102552+00:00 [queued]>
[2025-03-01T22:25:32.406+0000] {taskinstance.py:1159} INFO - Dependencies all met for dep_context=requeueable deps ti=<TaskInstance: new_messages.messages_load manual__2025-03-01T22:25:27.102552+00:00 [queued]>
[2025-03-01T22:25:32.407+0000] {taskinstance.py:1361} INFO - Starting attempt 1 of 1
[2025-03-01T22:25:32.426+0000] {taskinstance.py:1382} INFO - Executing <Task(DockerOperator): messages_load> on 2025-03-01 22:25:27.102552+00:00
[2025-03-01T22:25:32.432+0000] {standard_task_runner.py:57} INFO - Started process 943 to run task
[2025-03-01T22:25:32.437+0000] {standard_task_runner.py:84} INFO - Running: ['***', 'tasks', 'run', 'new_messages', 'messages_load', 'manual__2025-03-01T22:25:27.102552+00:00', '--job-id', '18', '--raw', '--subdir', 'DAGS_FOLDER/mess_cluster.py', '--cfg-path', '/tmp/tmpe7x_8flh']
[2025-03-01T22:25:32.442+0000] {standard_task_runner.py:85} INFO - Job 18: Subtask messages_load
[2025-03-01T22:25:32.517+0000] {task_command.py:416} INFO - Running <TaskInstance: new_messages.messages_load manual__2025-03-01T22:25:27.102552+00:00 [running]> on host d8e791698b86
[2025-03-01T22:25:32.634+0000] {taskinstance.py:1662} INFO - Exporting env vars: AIRFLOW_CTX_DAG_OWNER='***' AIRFLOW_CTX_DAG_ID='new_messages' AIRFLOW_CTX_TASK_ID='messages_load' AIRFLOW_CTX_EXECUTION_DATE='2025-03-01T22:25:27.102552+00:00' AIRFLOW_CTX_TRY_NUMBER='1' AIRFLOW_CTX_DAG_RUN_ID='manual__2025-03-01T22:25:27.102552+00:00'
[2025-03-01T22:25:32.825+0000] {docker.py:367} INFO - Starting docker container from image messages-loader:latest
[2025-03-01T22:28:00.869+0000] {docker.py:438} INFO - ERROR:root:Timeout error: HTTPConnectionPool(host='localhost', port=42547): Read timed out. (read timeout=120)
[2025-03-01T22:30:01.078+0000] {docker.py:438} INFO - INFO:root:News fetched UNsuccessfully.
[2025-03-01T22:31:29.044+0000] {docker.py:438} INFO - INFO:root:News fetched UNsuccessfully.
[2025-03-01T22:32:11.385+0000] {docker.py:438} INFO - INFO:root:News page fetched successfully.
[2025-03-01T22:32:38.882+0000] {docker.py:438} INFO - INFO:root:News fetched UNsuccessfully.
[2025-03-01T22:33:02.034+0000] {docker.py:438} INFO - INFO:root:News page fetched successfully.
[2025-03-01T22:33:25.786+0000] {docker.py:438} INFO - INFO:root:News page fetched successfully.
[2025-03-01T22:33:26.794+0000] {docker.py:438} INFO - [nltk_data] Downloading package stopwords to /root/nltk_data...
[2025-03-01T22:33:27.114+0000] {docker.py:438} INFO - [nltk_data]   Unzipping corpora/stopwords.zip.
[2025-03-01T22:33:27.254+0000] {docker.py:438} INFO - [nltk_data] Downloading package stopwords to /root/nltk_data...
[2025-03-01T22:33:27.256+0000] {docker.py:438} INFO - [nltk_data]   Package stopwords is already up-to-date!
[2025-03-01T22:33:28.719+0000] {docker.py:438} INFO - [nltk_data] Downloading package stopwords to /root/nltk_data...
[2025-03-01T22:33:28.754+0000] {docker.py:438} INFO - [nltk_data]   Package stopwords is already up-to-date!
[2025-03-01T22:33:29.745+0000] {docker.py:438} INFO - [nltk_data] Downloading package stopwords to /root/nltk_data...
[2025-03-01T22:33:29.761+0000] {docker.py:438} INFO - [nltk_data]   Package stopwords is already up-to-date!
[2025-03-01T22:33:30.135+0000] {docker.py:438} INFO - [nltk_data] Downloading package stopwords to /root/nltk_data...
[2025-03-01T22:33:30.138+0000] {docker.py:438} INFO - [nltk_data]   Package stopwords is already up-to-date!
[2025-03-01T22:33:30.570+0000] {docker.py:438} INFO - [nltk_data] Downloading package stopwords to /root/nltk_data...
[2025-03-01T22:33:30.573+0000] {docker.py:438} INFO - [nltk_data]   Package stopwords is already up-to-date!
[2025-03-01T22:33:31.595+0000] {docker.py:438} INFO - [nltk_data] Downloading package stopwords to /root/nltk_data...
[2025-03-01T22:33:31.618+0000] {docker.py:438} INFO - [nltk_data]   Package stopwords is already up-to-date!
[2025-03-01T22:33:32.544+0000] {docker.py:438} INFO - [nltk_data] Downloading package stopwords to /root/nltk_data...
[2025-03-01T22:33:32.558+0000] {docker.py:438} INFO - [nltk_data]   Package stopwords is already up-to-date!
[2025-03-01T22:33:32.901+0000] {docker.py:438} INFO - [nltk_data] Downloading package stopwords to /root/nltk_data...
[2025-03-01T22:33:32.907+0000] {docker.py:438} INFO - [nltk_data]   Package stopwords is already up-to-date!
[2025-03-01T22:33:33.815+0000] {docker.py:438} INFO - [nltk_data] Downloading package stopwords to /root/nltk_data...
[2025-03-01T22:33:33.819+0000] {docker.py:438} INFO - [nltk_data]   Package stopwords is already up-to-date!
[2025-03-01T22:33:34.540+0000] {docker.py:438} INFO - [nltk_data] Downloading package stopwords to /root/nltk_data...
[2025-03-01T22:33:34.544+0000] {docker.py:438} INFO - [nltk_data]   Package stopwords is already up-to-date!
[2025-03-01T22:33:35.295+0000] {docker.py:438} INFO - [nltk_data] Downloading package stopwords to /root/nltk_data...
[2025-03-01T22:33:35.319+0000] {docker.py:438} INFO - [nltk_data]   Package stopwords is already up-to-date!
[2025-03-01T22:33:35.372+0000] {docker.py:438} INFO - [nltk_data] Downloading package stopwords to /root/nltk_data...
[2025-03-01T22:33:35.382+0000] {docker.py:438} INFO - [nltk_data]   Package stopwords is already up-to-date!
[2025-03-01T22:33:37.018+0000] {docker.py:438} INFO - [nltk_data] Downloading package stopwords to /root/nltk_data...
[2025-03-01T22:33:37.021+0000] {docker.py:438} INFO - [nltk_data]   Package stopwords is already up-to-date!
[2025-03-01T22:33:37.407+0000] {docker.py:438} INFO - [nltk_data] Downloading package stopwords to /root/nltk_data...
[2025-03-01T22:33:37.411+0000] {docker.py:438} INFO - [nltk_data]   Package stopwords is already up-to-date!
[2025-03-01T22:33:37.622+0000] {docker.py:438} INFO - [nltk_data] Downloading package stopwords to /root/nltk_data...
[2025-03-01T22:33:37.623+0000] {docker.py:438} INFO - [nltk_data]   Package stopwords is already up-to-date!
[2025-03-01T22:33:37.901+0000] {docker.py:438} INFO - [nltk_data] Downloading package stopwords to /root/nltk_data...
[2025-03-01T22:33:37.904+0000] {docker.py:438} INFO - [nltk_data]   Package stopwords is already up-to-date!
[2025-03-01T22:33:38.340+0000] {docker.py:438} INFO - [nltk_data] Downloading package stopwords to /root/nltk_data...
[2025-03-01T22:33:38.342+0000] {docker.py:438} INFO - [nltk_data]   Package stopwords is already up-to-date!
[2025-03-01T22:33:38.516+0000] {docker.py:438} INFO - [nltk_data] Downloading package stopwords to /root/nltk_data...
[2025-03-01T22:33:38.517+0000] {docker.py:438} INFO - [nltk_data]   Package stopwords is already up-to-date!
[2025-03-01T22:33:39.933+0000] {docker.py:438} INFO - [nltk_data] Downloading package stopwords to /root/nltk_data...
[2025-03-01T22:33:39.935+0000] {docker.py:438} INFO - [nltk_data]   Package stopwords is already up-to-date!
[2025-03-01T22:33:40.939+0000] {docker.py:438} INFO - [nltk_data] Downloading package stopwords to /root/nltk_data...
[2025-03-01T22:33:40.940+0000] {docker.py:438} INFO - [nltk_data]   Package stopwords is already up-to-date!
[2025-03-01T22:33:41.077+0000] {docker.py:438} INFO - [nltk_data] Downloading package stopwords to /root/nltk_data...
[2025-03-01T22:33:41.079+0000] {docker.py:438} INFO - [nltk_data]   Package stopwords is already up-to-date!
[2025-03-01T22:33:42.323+0000] {docker.py:438} INFO - [nltk_data] Downloading package stopwords to /root/nltk_data...
[2025-03-01T22:33:42.326+0000] {docker.py:438} INFO - [nltk_data]   Package stopwords is already up-to-date!
[2025-03-01T22:33:43.485+0000] {docker.py:438} INFO - [nltk_data] Downloading package stopwords to /root/nltk_data...
[2025-03-01T22:33:43.489+0000] {docker.py:438} INFO - [nltk_data]   Package stopwords is already up-to-date!
[2025-03-01T22:33:43.678+0000] {docker.py:438} INFO - [nltk_data] Downloading package stopwords to /root/nltk_data...
[2025-03-01T22:33:43.680+0000] {docker.py:438} INFO - [nltk_data]   Package stopwords is already up-to-date!
[2025-03-01T22:33:43.771+0000] {docker.py:438} INFO - [nltk_data] Downloading package stopwords to /root/nltk_data...
[2025-03-01T22:33:43.773+0000] {docker.py:438} INFO - [nltk_data]   Package stopwords is already up-to-date!
[2025-03-01T22:33:44.081+0000] {docker.py:438} INFO - [nltk_data] Downloading package stopwords to /root/nltk_data...
[2025-03-01T22:33:44.086+0000] {docker.py:438} INFO - [nltk_data]   Package stopwords is already up-to-date!
[2025-03-01T22:33:44.460+0000] {docker.py:438} INFO - [nltk_data] Downloading package stopwords to /root/nltk_data...
[2025-03-01T22:33:44.461+0000] {docker.py:438} INFO - [nltk_data]   Package stopwords is already up-to-date!
[2025-03-01T22:33:44.969+0000] {docker.py:438} INFO - [nltk_data] Downloading package stopwords to /root/nltk_data...
[2025-03-01T22:33:44.970+0000] {docker.py:438} INFO - [nltk_data]   Package stopwords is already up-to-date!
[2025-03-01T22:33:45.165+0000] {docker.py:438} INFO - [nltk_data] Downloading package stopwords to /root/nltk_data...
[2025-03-01T22:33:45.169+0000] {docker.py:438} INFO - [nltk_data]   Package stopwords is already up-to-date!
[2025-03-01T22:33:45.215+0000] {docker.py:438} INFO - INFO:root:Data saved successfully.
[2025-03-01T22:33:49.934+0000] {taskinstance.py:1400} INFO - Marking task as SUCCESS. dag_id=new_messages, task_id=messages_load, execution_date=20250301T222527, start_date=20250301T222532, end_date=20250301T223349
[2025-03-01T22:33:50.141+0000] {local_task_job_runner.py:228} INFO - Task exited with return code 0
[2025-03-01T22:33:50.472+0000] {taskinstance.py:2778} INFO - 1 downstream tasks scheduled from follow-on schedule check
