[2025-03-02T10:59:47.156+0000] {taskinstance.py:1159} INFO - Dependencies all met for dep_context=non-requeueable deps ti=<TaskInstance: new_messages.messages_load manual__2025-03-02T10:59:37.140173+00:00 [queued]>
[2025-03-02T10:59:47.171+0000] {taskinstance.py:1159} INFO - Dependencies all met for dep_context=requeueable deps ti=<TaskInstance: new_messages.messages_load manual__2025-03-02T10:59:37.140173+00:00 [queued]>
[2025-03-02T10:59:47.174+0000] {taskinstance.py:1361} INFO - Starting attempt 1 of 1
[2025-03-02T10:59:47.203+0000] {taskinstance.py:1382} INFO - Executing <Task(DockerOperator): messages_load> on 2025-03-02 10:59:37.140173+00:00
[2025-03-02T10:59:47.223+0000] {standard_task_runner.py:57} INFO - Started process 2087 to run task
[2025-03-02T10:59:47.233+0000] {standard_task_runner.py:84} INFO - Running: ['***', 'tasks', 'run', 'new_messages', 'messages_load', 'manual__2025-03-02T10:59:37.140173+00:00', '--job-id', '44', '--raw', '--subdir', 'DAGS_FOLDER/mess_cluster.py', '--cfg-path', '/tmp/tmptdy34ddx']
[2025-03-02T10:59:47.239+0000] {standard_task_runner.py:85} INFO - Job 44: Subtask messages_load
[2025-03-02T10:59:47.374+0000] {task_command.py:416} INFO - Running <TaskInstance: new_messages.messages_load manual__2025-03-02T10:59:37.140173+00:00 [running]> on host 43bb00d4befd
[2025-03-02T10:59:47.577+0000] {taskinstance.py:1662} INFO - Exporting env vars: AIRFLOW_CTX_DAG_OWNER='***' AIRFLOW_CTX_DAG_ID='new_messages' AIRFLOW_CTX_TASK_ID='messages_load' AIRFLOW_CTX_EXECUTION_DATE='2025-03-02T10:59:37.140173+00:00' AIRFLOW_CTX_TRY_NUMBER='1' AIRFLOW_CTX_DAG_RUN_ID='manual__2025-03-02T10:59:37.140173+00:00'
[2025-03-02T10:59:47.733+0000] {docker.py:367} INFO - Starting docker container from image messages-loader:latest
[2025-03-02T11:02:18.231+0000] {docker.py:438} INFO - ERROR:root:Timeout error: HTTPConnectionPool(host='localhost', port=47235): Read timed out. (read timeout=120)
[2025-03-02T11:04:18.306+0000] {docker.py:438} INFO - INFO:root:News fetched UNsuccessfully.
[2025-03-02T11:05:34.358+0000] {docker.py:438} INFO - INFO:root:News fetched UNsuccessfully.
[2025-03-02T11:05:40.945+0000] {docker.py:438} INFO - INFO:root:News page fetched successfully.
[2025-03-02T11:05:50.234+0000] {docker.py:438} INFO - INFO:root:News fetched UNsuccessfully.
[2025-03-02T11:06:02.457+0000] {docker.py:438} INFO - INFO:root:News page fetched successfully.
[2025-03-02T11:06:18.381+0000] {docker.py:438} INFO - INFO:root:News page fetched successfully.
[2025-03-02T11:06:19.068+0000] {docker.py:438} INFO - [nltk_data] Downloading package stopwords to /root/nltk_data...
[2025-03-02T11:06:19.248+0000] {docker.py:438} INFO - [nltk_data]   Unzipping corpora/stopwords.zip.
[2025-03-02T11:06:19.351+0000] {docker.py:438} INFO - [nltk_data] Downloading package stopwords to /root/nltk_data...
[2025-03-02T11:06:19.353+0000] {docker.py:438} INFO - [nltk_data]   Package stopwords is already up-to-date!
[2025-03-02T11:06:19.634+0000] {docker.py:438} INFO - [nltk_data] Downloading package stopwords to /root/nltk_data...
[2025-03-02T11:06:19.635+0000] {docker.py:438} INFO - [nltk_data]   Package stopwords is already up-to-date!
[2025-03-02T11:06:19.912+0000] {docker.py:438} INFO - [nltk_data] Downloading package stopwords to /root/nltk_data...
[2025-03-02T11:06:19.915+0000] {docker.py:438} INFO - [nltk_data]   Package stopwords is already up-to-date!
[2025-03-02T11:06:20.008+0000] {docker.py:438} INFO - [nltk_data] Downloading package stopwords to /root/nltk_data...
[2025-03-02T11:06:20.010+0000] {docker.py:438} INFO - [nltk_data]   Package stopwords is already up-to-date!
[2025-03-02T11:06:20.093+0000] {docker.py:438} INFO - [nltk_data] Downloading package stopwords to /root/nltk_data...
[2025-03-02T11:06:20.094+0000] {docker.py:438} INFO - [nltk_data]   Package stopwords is already up-to-date!
[2025-03-02T11:06:20.388+0000] {docker.py:438} INFO - [nltk_data] Downloading package stopwords to /root/nltk_data...
[2025-03-02T11:06:20.413+0000] {docker.py:438} INFO - [nltk_data]   Package stopwords is already up-to-date!
[2025-03-02T11:06:21.332+0000] {docker.py:438} INFO - [nltk_data] Downloading package stopwords to /root/nltk_data...
[2025-03-02T11:06:21.338+0000] {docker.py:438} INFO - [nltk_data]   Package stopwords is already up-to-date!
[2025-03-02T11:06:21.684+0000] {docker.py:438} INFO - [nltk_data] Downloading package stopwords to /root/nltk_data...
[2025-03-02T11:06:21.687+0000] {docker.py:438} INFO - [nltk_data]   Package stopwords is already up-to-date!
[2025-03-02T11:06:22.020+0000] {docker.py:438} INFO - [nltk_data] Downloading package stopwords to /root/nltk_data...
[2025-03-02T11:06:22.021+0000] {docker.py:438} INFO - [nltk_data]   Package stopwords is already up-to-date!
[2025-03-02T11:06:22.195+0000] {docker.py:438} INFO - [nltk_data] Downloading package stopwords to /root/nltk_data...
[2025-03-02T11:06:22.196+0000] {docker.py:438} INFO - [nltk_data]   Package stopwords is already up-to-date!
[2025-03-02T11:06:22.285+0000] {docker.py:438} INFO - [nltk_data] Downloading package stopwords to /root/nltk_data...
[2025-03-02T11:06:22.285+0000] {docker.py:438} INFO - [nltk_data]   Package stopwords is already up-to-date!
[2025-03-02T11:06:22.295+0000] {docker.py:438} INFO - [nltk_data] Downloading package stopwords to /root/nltk_data...
[2025-03-02T11:06:22.296+0000] {docker.py:438} INFO - [nltk_data]   Package stopwords is already up-to-date!
[2025-03-02T11:06:22.480+0000] {docker.py:438} INFO - [nltk_data] Downloading package stopwords to /root/nltk_data...
[2025-03-02T11:06:22.481+0000] {docker.py:438} INFO - [nltk_data]   Package stopwords is already up-to-date!
[2025-03-02T11:06:23.014+0000] {docker.py:438} INFO - [nltk_data] Downloading package stopwords to /root/nltk_data...
[2025-03-02T11:06:23.022+0000] {docker.py:438} INFO - [nltk_data]   Package stopwords is already up-to-date!
[2025-03-02T11:06:24.003+0000] {docker.py:438} INFO - [nltk_data] Downloading package stopwords to /root/nltk_data...
[2025-03-02T11:06:24.055+0000] {docker.py:438} INFO - [nltk_data]   Package stopwords is already up-to-date!
[2025-03-02T11:06:24.664+0000] {docker.py:438} INFO - [nltk_data] Downloading package stopwords to /root/nltk_data...
[2025-03-02T11:06:24.667+0000] {docker.py:438} INFO - [nltk_data]   Package stopwords is already up-to-date!
[2025-03-02T11:06:24.781+0000] {docker.py:438} INFO - [nltk_data] Downloading package stopwords to /root/nltk_data...
[2025-03-02T11:06:24.783+0000] {docker.py:438} INFO - [nltk_data]   Package stopwords is already up-to-date!
[2025-03-02T11:06:24.837+0000] {docker.py:438} INFO - [nltk_data] Downloading package stopwords to /root/nltk_data...
[2025-03-02T11:06:24.841+0000] {docker.py:438} INFO - [nltk_data]   Package stopwords is already up-to-date!
[2025-03-02T11:06:24.974+0000] {docker.py:438} INFO - [nltk_data] Downloading package stopwords to /root/nltk_data...
[2025-03-02T11:06:24.975+0000] {docker.py:438} INFO - [nltk_data]   Package stopwords is already up-to-date!
[2025-03-02T11:06:25.264+0000] {docker.py:438} INFO - [nltk_data] Downloading package stopwords to /root/nltk_data...
[2025-03-02T11:06:25.264+0000] {docker.py:438} INFO - [nltk_data]   Package stopwords is already up-to-date!
[2025-03-02T11:06:25.302+0000] {docker.py:438} INFO - [nltk_data] Downloading package stopwords to /root/nltk_data...
[2025-03-02T11:06:25.303+0000] {docker.py:438} INFO - [nltk_data]   Package stopwords is already up-to-date!
[2025-03-02T11:06:25.406+0000] {docker.py:438} INFO - [nltk_data] Downloading package stopwords to /root/nltk_data...
[2025-03-02T11:06:25.406+0000] {docker.py:438} INFO - [nltk_data]   Package stopwords is already up-to-date!
[2025-03-02T11:06:25.559+0000] {docker.py:438} INFO - [nltk_data] Downloading package stopwords to /root/nltk_data...
[2025-03-02T11:06:25.561+0000] {docker.py:438} INFO - [nltk_data]   Package stopwords is already up-to-date!
[2025-03-02T11:06:25.624+0000] {docker.py:438} INFO - [nltk_data] Downloading package stopwords to /root/nltk_data...
[2025-03-02T11:06:25.626+0000] {docker.py:438} INFO - [nltk_data]   Package stopwords is already up-to-date!
[2025-03-02T11:06:25.648+0000] {docker.py:438} INFO - [nltk_data] Downloading package stopwords to /root/nltk_data...
[2025-03-02T11:06:25.651+0000] {docker.py:438} INFO - [nltk_data]   Package stopwords is already up-to-date!
[2025-03-02T11:06:25.691+0000] {docker.py:438} INFO - [nltk_data] Downloading package stopwords to /root/nltk_data...
[2025-03-02T11:06:25.693+0000] {docker.py:438} INFO - [nltk_data]   Package stopwords is already up-to-date!
[2025-03-02T11:06:25.769+0000] {docker.py:438} INFO - [nltk_data] Downloading package stopwords to /root/nltk_data...
[2025-03-02T11:06:25.770+0000] {docker.py:438} INFO - [nltk_data]   Package stopwords is already up-to-date!
[2025-03-02T11:06:25.852+0000] {docker.py:438} INFO - [nltk_data] Downloading package stopwords to /root/nltk_data...
[2025-03-02T11:06:25.853+0000] {docker.py:438} INFO - [nltk_data]   Package stopwords is already up-to-date!
[2025-03-02T11:06:25.956+0000] {docker.py:438} INFO - [nltk_data] Downloading package stopwords to /root/nltk_data...
[2025-03-02T11:06:25.958+0000] {docker.py:438} INFO - [nltk_data]   Package stopwords is already up-to-date!
[2025-03-02T11:06:26.394+0000] {docker.py:438} INFO - INFO:root:Data saved successfully.
[2025-03-02T11:06:31.127+0000] {taskinstance.py:1400} INFO - Marking task as SUCCESS. dag_id=new_messages, task_id=messages_load, execution_date=20250302T105937, start_date=20250302T105947, end_date=20250302T110631
[2025-03-02T11:06:31.266+0000] {local_task_job_runner.py:228} INFO - Task exited with return code 0
[2025-03-02T11:06:31.545+0000] {taskinstance.py:2778} INFO - 1 downstream tasks scheduled from follow-on schedule check
