[2025-03-02T11:06:36.884+0000] {taskinstance.py:1159} INFO - Dependencies all met for dep_context=non-requeueable deps ti=<TaskInstance: new_messages.lda_model manual__2025-03-02T10:59:37.140173+00:00 [queued]>
[2025-03-02T11:06:36.896+0000] {taskinstance.py:1159} INFO - Dependencies all met for dep_context=requeueable deps ti=<TaskInstance: new_messages.lda_model manual__2025-03-02T10:59:37.140173+00:00 [queued]>
[2025-03-02T11:06:36.902+0000] {taskinstance.py:1361} INFO - Starting attempt 1 of 1
[2025-03-02T11:06:36.961+0000] {taskinstance.py:1382} INFO - Executing <Task(DockerOperator): lda_model> on 2025-03-02 10:59:37.140173+00:00
[2025-03-02T11:06:36.990+0000] {standard_task_runner.py:57} INFO - Started process 5163 to run task
[2025-03-02T11:06:37.002+0000] {standard_task_runner.py:84} INFO - Running: ['***', 'tasks', 'run', 'new_messages', 'lda_model', 'manual__2025-03-02T10:59:37.140173+00:00', '--job-id', '45', '--raw', '--subdir', 'DAGS_FOLDER/mess_cluster.py', '--cfg-path', '/tmp/tmpj68vwaz5']
[2025-03-02T11:06:37.009+0000] {standard_task_runner.py:85} INFO - Job 45: Subtask lda_model
[2025-03-02T11:06:37.098+0000] {task_command.py:416} INFO - Running <TaskInstance: new_messages.lda_model manual__2025-03-02T10:59:37.140173+00:00 [running]> on host 43bb00d4befd
[2025-03-02T11:06:37.260+0000] {taskinstance.py:1662} INFO - Exporting env vars: AIRFLOW_CTX_DAG_OWNER='***' AIRFLOW_CTX_DAG_ID='new_messages' AIRFLOW_CTX_TASK_ID='lda_model' AIRFLOW_CTX_EXECUTION_DATE='2025-03-02T10:59:37.140173+00:00' AIRFLOW_CTX_TRY_NUMBER='1' AIRFLOW_CTX_DAG_RUN_ID='manual__2025-03-02T10:59:37.140173+00:00'
[2025-03-02T11:06:37.412+0000] {docker.py:367} INFO - Starting docker container from image model-train:latest
[2025-03-02T11:06:47.581+0000] {docker.py:438} INFO - INFO:root:Подгружаем данные
[2025-03-02T11:06:47.613+0000] {docker.py:438} INFO - INFO:root:Подгрузили
[2025-03-02T11:06:47.628+0000] {docker.py:438} INFO - INFO:root:Начинаем обучать
[2025-03-02T11:06:48.126+0000] {docker.py:438} INFO - INFO:root:Обучили
[2025-03-02T11:06:48.134+0000] {docker.py:438} INFO - INFO:root:Выгрузили
[2025-03-02T11:06:48.137+0000] {docker.py:438} INFO - 30
[2025-03-02T11:06:48.138+0000] {docker.py:438} INFO - 27
[2025-03-02T11:06:48.843+0000] {taskinstance.py:1400} INFO - Marking task as SUCCESS. dag_id=new_messages, task_id=lda_model, execution_date=20250302T105937, start_date=20250302T110636, end_date=20250302T110648
[2025-03-02T11:06:48.926+0000] {local_task_job_runner.py:228} INFO - Task exited with return code 0
[2025-03-02T11:06:48.973+0000] {taskinstance.py:2778} INFO - 1 downstream tasks scheduled from follow-on schedule check
